Using pre-set license
Built from '2021.1/staging' branch; Version is '2021.1.6f1 (c0fade0cc7e9) revision 12647134'; Using compiler version '192528614'; Build Type 'Release'
OS: 'Windows 10 Pro; OS build 19042.631; Version 2009; 64bit' Language: 'ko' Physical Memory: 16253 MB
BatchMode: 1, IsHumanControllingUs: 0, StartBugReporterOnCrash: 0, Is64bit: 1, IsPro: 0

 COMMAND LINE ARGUMENTS:
D:\UnityLibrary\2021.1.6f1\Editor\Unity.exe
-adb2
-batchMode
-noUpm
-name
AssetImportWorker0
-projectPath
D:/3D_GP/SecretForest
-logFile
Logs/AssetImportWorker0.log
-srvPort
55870
Successfully changed project path to: D:/3D_GP/SecretForest
D:/3D_GP/SecretForest
Using Asset Import Pipeline V2.
Refreshing native plugins compatible for Editor in 50.56 ms, found 1 plugins.
Preloading 0 native plugins for Editor in 0.00 ms.
Initialize engine version: 2021.1.6f1 (c0fade0cc7e9)
[Subsystems] Discovering subsystems at path D:/UnityLibrary/2021.1.6f1/Editor/Data/Resources/UnitySubsystems
[Subsystems] Discovering subsystems at path D:/3D_GP/SecretForest/Assets
GfxDevice: creating device client; threaded=0; jobified=0
Direct3D:
    Version:  Direct3D 11.0 [level 11.1]
    Renderer: NVIDIA GeForce RTX 3060 (ID=0x2503)
    Vendor:   NVIDIA
    VRAM:     12143 MB
    Driver:   27.21.14.6172
Initialize mono
Mono path[0] = 'D:/UnityLibrary/2021.1.6f1/Editor/Data/Managed'
Mono path[1] = 'D:/UnityLibrary/2021.1.6f1/Editor/Data/MonoBleedingEdge/lib/mono/unityjit'
Mono config path = 'D:/UnityLibrary/2021.1.6f1/Editor/Data/MonoBleedingEdge/etc'
Using monoOptions --debugger-agent=transport=dt_socket,embedding=1,server=y,suspend=n,address=127.0.0.1:56996
Begin MonoManager ReloadAssembly
Registering precompiled unity dll's ...
Register platform support module: D:/UnityLibrary/2021.1.6f1/Editor/Data/PlaybackEngines/WindowsStandaloneSupport/UnityEditor.WindowsStandalone.Extensions.dll
Registered in 0.000628 seconds.
Native extension for WindowsStandalone target not found
Refreshing native plugins compatible for Editor in 52.53 ms, found 1 plugins.
Preloading 0 native plugins for Editor in 0.00 ms.
Mono: successfully reloaded assembly
- Completed reload, in  0.605 seconds
Platform modules already initialized, skipping
Registering precompiled user dll's ...
Registered in 0.001336 seconds.
Begin MonoManager ReloadAssembly
Native extension for WindowsStandalone target not found
Refreshing native plugins compatible for Editor in 0.34 ms, found 1 plugins.
Preloading 0 native plugins for Editor in 0.00 ms.
Mono: successfully reloaded assembly
- Completed reload, in  0.589 seconds
Platform modules already initialized, skipping
========================================================================
Worker process is ready to serve import requests
Launched and connected shader compiler UnityShaderCompiler.exe after 0.03 seconds
Refreshing native plugins compatible for Editor in 0.34 ms, found 1 plugins.
Preloading 0 native plugins for Editor in 0.00 ms.
Unloading 2665 Unused Serialized files (Serialized files now loaded: 0)
System memory in use before: 98.1 MB.
System memory in use after: 98.3 MB.

Unloading 15 unused Assets to reduce memory usage. Loaded Objects now: 3117.
Total: 1.470700 ms (FindLiveObjects: 0.152500 ms CreateObjectMapping: 0.072200 ms MarkObjects: 1.190500 ms  DeleteObjects: 0.054600 ms)

========================================================================
Received Import Request.
  path: Assets
  artifactKey: Guid(00000000000000001000000000000000) Importer(815301076,1909f56bfc062723c751e8b465ee728b)
Start importing Assets using Guid(00000000000000001000000000000000) Importer(815301076,1909f56bfc062723c751e8b465ee728b)  -> (artifact id: '42d402b061de3733987d63b9cc3b64de') in 0.006932 seconds 
========================================================================
Received Import Request.
  Time since last request: 5.071767 seconds.
  path: Assets/Scripts
  artifactKey: Guid(f46e8fd11b072384982d9ff0a50a5736) Importer(815301076,1909f56bfc062723c751e8b465ee728b)
Start importing Assets/Scripts using Guid(f46e8fd11b072384982d9ff0a50a5736) Importer(815301076,1909f56bfc062723c751e8b465ee728b)  -> (artifact id: '9aff086b6743e9c4a93970d359b7fbd9') in 0.004225 seconds 
========================================================================
Received Import Request.
  Time since last request: 5.377680 seconds.
  path: Assets/Prefabs
  artifactKey: Guid(d6b7c9d68650fe949a651f8cec004908) Importer(815301076,1909f56bfc062723c751e8b465ee728b)
Start importing Assets/Prefabs using Guid(d6b7c9d68650fe949a651f8cec004908) Importer(815301076,1909f56bfc062723c751e8b465ee728b)  -> (artifact id: '2110dc090bdedc2db66397a84da241af') in 0.003965 seconds 
========================================================================
Received Import Request.
  Time since last request: 15.699898 seconds.
  path: Assets/Assets
  artifactKey: Guid(294df058f2e7bd34c8a839a5debd432d) Importer(815301076,1909f56bfc062723c751e8b465ee728b)
Start importing Assets/Assets using Guid(294df058f2e7bd34c8a839a5debd432d) Importer(815301076,1909f56bfc062723c751e8b465ee728b)  -> (artifact id: '3c8a444022edff75934df5c7bedcd791') in 0.001378 seconds 
========================================================================
Received Import Request.
  Time since last request: 18.115464 seconds.
  path: Assets/Scenes/SampleScene.unity
  artifactKey: Guid(9fc0d4010bbf28b4594072e72b8655ab) Importer(815301076,1909f56bfc062723c751e8b465ee728b)
Start importing Assets/Scenes/SampleScene.unity using Guid(9fc0d4010bbf28b4594072e72b8655ab) Importer(815301076,1909f56bfc062723c751e8b465ee728b)  -> (artifact id: '85059f4f9e1a832ed95adaa0d25c5c4c') in 0.009337 seconds 
========================================================================
Received Import Request.
  Time since last request: 0.352944 seconds.
  path: Assets/Scenes
  artifactKey: Guid(e4e893f8459735c4a960e62ef59d323a) Importer(815301076,1909f56bfc062723c751e8b465ee728b)
Start importing Assets/Scenes using Guid(e4e893f8459735c4a960e62ef59d323a) Importer(815301076,1909f56bfc062723c751e8b465ee728b)  -> (artifact id: '107e2b130e0c0b2003d44f25787ab1d9') in 0.003958 seconds 
========================================================================
Received Import Request.
  Time since last request: 6.514231 seconds.
  path: Assets/Scenes/Main.unity
  artifactKey: Guid(025ca6e4732e85143924d7496d5ade0f) Importer(815301076,1909f56bfc062723c751e8b465ee728b)
Start importing Assets/Scenes/Main.unity using Guid(025ca6e4732e85143924d7496d5ade0f) Importer(815301076,1909f56bfc062723c751e8b465ee728b)  -> (artifact id: '117bb7e7c400f6377334253c58155874') in 0.003884 seconds 
========================================================================
Received Import Request.
  Time since last request: 18.731894 seconds.
  path: Assets/Scenes/Map1.prefab
  artifactKey: Guid(17956c6425c5f5a4fa2e4048184ed3d2) Importer(815301076,1909f56bfc062723c751e8b465ee728b)
Start importing Assets/Scenes/Map1.prefab using Guid(17956c6425c5f5a4fa2e4048184ed3d2) Importer(815301076,1909f56bfc062723c751e8b465ee728b)  -> (artifact id: '7bd957e2833d66d5502eb32944c71d64') in 0.039832 seconds 
========================================================================
Received Import Request.
  Time since last request: 7.883972 seconds.
  path: Assets/Scenes/Map2.unity
  artifactKey: Guid(75585c31ce25e9b4eb008094e9edabe1) Importer(815301076,1909f56bfc062723c751e8b465ee728b)
Start importing Assets/Scenes/Map2.unity using Guid(75585c31ce25e9b4eb008094e9edabe1) Importer(815301076,1909f56bfc062723c751e8b465ee728b)  -> (artifact id: '5a027c8d0a9251890fb85bd37aaa5294') in 0.004354 seconds 
========================================================================
Received Import Request.
  Time since last request: 12.266029 seconds.
  path: Assets/Scenes/Map1.unity
  artifactKey: Guid(ae930302577879843b84f7e893bab830) Importer(815301076,1909f56bfc062723c751e8b465ee728b)
Start importing Assets/Scenes/Map1.unity using Guid(ae930302577879843b84f7e893bab830) Importer(815301076,1909f56bfc062723c751e8b465ee728b)  -> (artifact id: '51903af9d106f5bfa60d27c9ecf4b0c6') in 0.004300 seconds 
========================================================================
Received Import Request.
  Time since last request: 246.542998 seconds.
  path: Assets/Cylinder.mat
  artifactKey: Guid(6a18d390f9db8aa45bbbeee2e6ee41a2) Importer(815301076,1909f56bfc062723c751e8b465ee728b)
Start importing Assets/Cylinder.mat using Guid(6a18d390f9db8aa45bbbeee2e6ee41a2) Importer(815301076,1909f56bfc062723c751e8b465ee728b)  -> (artifact id: '60ad027c70ec35b165b75f1ed8e2a4c3') in 0.077136 seconds 
========================================================================
Received Import Request.
  Time since last request: 23.109131 seconds.
  path: Assets/Plane.mat
  artifactKey: Guid(3e6d60f9c5e8918439e77484693e570d) Importer(815301076,1909f56bfc062723c751e8b465ee728b)
Start importing Assets/Plane.mat using Guid(3e6d60f9c5e8918439e77484693e570d) Importer(815301076,1909f56bfc062723c751e8b465ee728b)  -> (artifact id: '1b423e842b4f49923a04dff3befa7f13') in 0.015824 seconds 
========================================================================
Received Import Request.
  Time since last request: 126.620421 seconds.
  path: Assets/Scripts/MoveScene.cs
  artifactKey: Guid(9a786251e09e95d4e9ce3bdb941a17f8) Importer(815301076,1909f56bfc062723c751e8b465ee728b)
Start importing Assets/Scripts/MoveScene.cs using Guid(9a786251e09e95d4e9ce3bdb941a17f8) Importer(815301076,1909f56bfc062723c751e8b465ee728b)  -> (artifact id: '29de1f191cd9c088cd7a5fc401b6d259') in 0.012571 seconds 
========================================================================
Received Prepare
Registering precompiled user dll's ...
Registered in 0.001644 seconds.
Begin MonoManager ReloadAssembly
Native extension for WindowsStandalone target not found
Refreshing native plugins compatible for Editor in 0.56 ms, found 1 plugins.
Preloading 0 native plugins for Editor in 0.00 ms.
Mono: successfully reloaded assembly
- Completed reload, in  0.615 seconds
Platform modules already initialized, skipping
Refreshing native plugins compatible for Editor in 0.36 ms, found 1 plugins.
Preloading 0 native plugins for Editor in 0.00 ms.
Unloading 2661 Unused Serialized files (Serialized files now loaded: 0)
System memory in use before: 102.0 MB.
System memory in use after: 102.2 MB.

Unloading 10 unused Assets to reduce memory usage. Loaded Objects now: 3161.
Total: 1.620300 ms (FindLiveObjects: 0.190400 ms CreateObjectMapping: 0.085300 ms MarkObjects: 1.302200 ms  DeleteObjects: 0.041700 ms)

========================================================================
Received Import Request.
  Time since last request: 178.253601 seconds.
  path: ProjectSettings/TagManager.asset
  artifactKey: Guid(00000000000000003000000000000000) Importer(815301076,1909f56bfc062723c751e8b465ee728b)
Start importing ProjectSettings/TagManager.asset using Guid(00000000000000003000000000000000) Importer(815301076,1909f56bfc062723c751e8b465ee728b)  -> (artifact id: 'ce6a35c3cddc746e7501c0bd0ed6d4ce') in 0.013842 seconds 
========================================================================
Received Prepare
Registering precompiled user dll's ...
Registered in 0.001204 seconds.
Begin MonoManager ReloadAssembly
Native extension for WindowsStandalone target not found
Refreshing native plugins compatible for Editor in 0.36 ms, found 1 plugins.
Preloading 0 native plugins for Editor in 0.00 ms.
Mono: successfully reloaded assembly
- Completed reload, in  0.552 seconds
Platform modules already initialized, skipping
Refreshing native plugins compatible for Editor in 0.36 ms, found 1 plugins.
Preloading 0 native plugins for Editor in 0.00 ms.
Unloading 2661 Unused Serialized files (Serialized files now loaded: 0)
System memory in use before: 102.1 MB.
System memory in use after: 102.3 MB.

Unloading 11 unused Assets to reduce memory usage. Loaded Objects now: 3164.
Total: 1.407600 ms (FindLiveObjects: 0.149500 ms CreateObjectMapping: 0.065400 ms MarkObjects: 1.154200 ms  DeleteObjects: 0.037800 ms)

========================================================================
Received Import Request.
  Time since last request: 111.235702 seconds.
  path: Assets/Scripts/PlayerControll.cs
  artifactKey: Guid(67b8111d767a3724d9d17257f454fb0f) Importer(815301076,1909f56bfc062723c751e8b465ee728b)
Start importing Assets/Scripts/PlayerControll.cs using Guid(67b8111d767a3724d9d17257f454fb0f) Importer(815301076,1909f56bfc062723c751e8b465ee728b)  -> (artifact id: '14257500a5ae8793880d4155bb1e5b65') in 0.008734 seconds 
========================================================================
Received Prepare
Registering precompiled user dll's ...
Registered in 0.001358 seconds.
Begin MonoManager ReloadAssembly
Native extension for WindowsStandalone target not found
Refreshing native plugins compatible for Editor in 0.34 ms, found 1 plugins.
Preloading 0 native plugins for Editor in 0.00 ms.
Mono: successfully reloaded assembly
- Completed reload, in  0.569 seconds
Platform modules already initialized, skipping
Refreshing native plugins compatible for Editor in 0.43 ms, found 1 plugins.
Preloading 0 native plugins for Editor in 0.00 ms.
Unloading 2662 Unused Serialized files (Serialized files now loaded: 0)
System memory in use before: 102.1 MB.
System memory in use after: 102.3 MB.

Unloading 10 unused Assets to reduce memory usage. Loaded Objects now: 3168.
Total: 1.462200 ms (FindLiveObjects: 0.169200 ms CreateObjectMapping: 0.121900 ms MarkObjects: 1.134400 ms  DeleteObjects: 0.035800 ms)

========================================================================
Received Import Request.
  Time since last request: 209.571559 seconds.
  path: Assets/Scripts/MoveScene.cs
  artifactKey: Guid(9a786251e09e95d4e9ce3bdb941a17f8) Importer(815301076,1909f56bfc062723c751e8b465ee728b)
Start importing Assets/Scripts/MoveScene.cs using Guid(9a786251e09e95d4e9ce3bdb941a17f8) Importer(815301076,1909f56bfc062723c751e8b465ee728b)  -> (artifact id: 'c159442c5db9b72ff2b5d6fb932c9f7d') in 0.004917 seconds 
========================================================================
Received Prepare
Registering precompiled user dll's ...
Registered in 0.001226 seconds.
Begin MonoManager ReloadAssembly
Native extension for WindowsStandalone target not found
Refreshing native plugins compatible for Editor in 0.34 ms, found 1 plugins.
Preloading 0 native plugins for Editor in 0.00 ms.
Mono: successfully reloaded assembly
- Completed reload, in  0.562 seconds
Platform modules already initialized, skipping
Refreshing native plugins compatible for Editor in 0.62 ms, found 1 plugins.
Preloading 0 native plugins for Editor in 0.00 ms.
Unloading 2662 Unused Serialized files (Serialized files now loaded: 0)
System memory in use before: 102.1 MB.
System memory in use after: 102.3 MB.

Unloading 10 unused Assets to reduce memory usage. Loaded Objects now: 3171.
Total: 1.314400 ms (FindLiveObjects: 0.153600 ms CreateObjectMapping: 0.057000 ms MarkObjects: 1.067800 ms  DeleteObjects: 0.035300 ms)

========================================================================
Received Prepare
Registering precompiled user dll's ...
Registered in 0.001165 seconds.
Begin MonoManager ReloadAssembly
Native extension for WindowsStandalone target not found
Refreshing native plugins compatible for Editor in 0.39 ms, found 1 plugins.
Preloading 0 native plugins for Editor in 0.00 ms.
Mono: successfully reloaded assembly
- Completed reload, in  0.553 seconds
Platform modules already initialized, skipping
Refreshing native plugins compatible for Editor in 0.35 ms, found 1 plugins.
Preloading 0 native plugins for Editor in 0.00 ms.
Unloading 2662 Unused Serialized files (Serialized files now loaded: 0)
System memory in use before: 102.2 MB.
System memory in use after: 102.4 MB.

Unloading 10 unused Assets to reduce memory usage. Loaded Objects now: 3174.
Total: 1.357600 ms (FindLiveObjects: 0.152300 ms CreateObjectMapping: 0.063000 ms MarkObjects: 1.107300 ms  DeleteObjects: 0.034300 ms)

========================================================================
Received Import Request.
  Time since last request: 91.450974 seconds.
  path: Assets/Scripts/MoveScene.cs
  artifactKey: Guid(9a786251e09e95d4e9ce3bdb941a17f8) Importer(815301076,1909f56bfc062723c751e8b465ee728b)
Start importing Assets/Scripts/MoveScene.cs using Guid(9a786251e09e95d4e9ce3bdb941a17f8) Importer(815301076,1909f56bfc062723c751e8b465ee728b)  -> (artifact id: 'fc658ba2b841fc2e4c8ac5f07298c696') in 0.004068 seconds 
========================================================================
Received Prepare
Registering precompiled user dll's ...
Registered in 0.001409 seconds.
Begin MonoManager ReloadAssembly
Native extension for WindowsStandalone target not found
Refreshing native plugins compatible for Editor in 0.36 ms, found 1 plugins.
Preloading 0 native plugins for Editor in 0.00 ms.
Mono: successfully reloaded assembly
- Completed reload, in  0.568 seconds
Platform modules already initialized, skipping
Refreshing native plugins compatible for Editor in 0.37 ms, found 1 plugins.
Preloading 0 native plugins for Editor in 0.00 ms.
Unloading 2662 Unused Serialized files (Serialized files now loaded: 0)
System memory in use before: 102.2 MB.
System memory in use after: 102.4 MB.

Unloading 10 unused Assets to reduce memory usage. Loaded Objects now: 3177.
Total: 1.318700 ms (FindLiveObjects: 0.157900 ms CreateObjectMapping: 0.061500 ms MarkObjects: 1.062400 ms  DeleteObjects: 0.036200 ms)

========================================================================
Received Prepare
Registering precompiled user dll's ...
Registered in 0.001231 seconds.
Begin MonoManager ReloadAssembly
Native extension for WindowsStandalone target not found
Refreshing native plugins compatible for Editor in 0.35 ms, found 1 plugins.
Preloading 0 native plugins for Editor in 0.00 ms.
Mono: successfully reloaded assembly
- Completed reload, in  0.566 seconds
Platform modules already initialized, skipping
Refreshing native plugins compatible for Editor in 0.31 ms, found 1 plugins.
Preloading 0 native plugins for Editor in 0.00 ms.
Unloading 2662 Unused Serialized files (Serialized files now loaded: 0)
System memory in use before: 102.2 MB.
System memory in use after: 102.4 MB.

Unloading 10 unused Assets to reduce memory usage. Loaded Objects now: 3180.
Total: 1.301000 ms (FindLiveObjects: 0.150500 ms CreateObjectMapping: 0.063700 ms MarkObjects: 1.049600 ms  DeleteObjects: 0.036500 ms)

========================================================================
Received Prepare
Registering precompiled user dll's ...
Registered in 0.001221 seconds.
Begin MonoManager ReloadAssembly
Native extension for WindowsStandalone target not found
Refreshing native plugins compatible for Editor in 0.39 ms, found 1 plugins.
Preloading 0 native plugins for Editor in 0.00 ms.
Mono: successfully reloaded assembly
- Completed reload, in  0.558 seconds
Platform modules already initialized, skipping
Refreshing native plugins compatible for Editor in 0.36 ms, found 1 plugins.
Preloading 0 native plugins for Editor in 0.00 ms.
Unloading 2662 Unused Serialized files (Serialized files now loaded: 0)
System memory in use before: 102.2 MB.
System memory in use after: 102.4 MB.

Unloading 10 unused Assets to reduce memory usage. Loaded Objects now: 3183.
Total: 1.687300 ms (FindLiveObjects: 0.202400 ms CreateObjectMapping: 0.083200 ms MarkObjects: 1.346100 ms  DeleteObjects: 0.054700 ms)

========================================================================
Received Prepare
Registering precompiled user dll's ...
Registered in 0.001183 seconds.
Begin MonoManager ReloadAssembly
Native extension for WindowsStandalone target not found
Refreshing native plugins compatible for Editor in 0.40 ms, found 1 plugins.
Preloading 0 native plugins for Editor in 0.00 ms.
Mono: successfully reloaded assembly
- Completed reload, in  0.566 seconds
Platform modules already initialized, skipping
Refreshing native plugins compatible for Editor in 0.41 ms, found 1 plugins.
Preloading 0 native plugins for Editor in 0.00 ms.
Unloading 2662 Unused Serialized files (Serialized files now loaded: 0)
System memory in use before: 102.2 MB.
System memory in use after: 102.4 MB.

Unloading 10 unused Assets to reduce memory usage. Loaded Objects now: 3186.
Total: 1.368700 ms (FindLiveObjects: 0.150600 ms CreateObjectMapping: 0.064100 ms MarkObjects: 1.118500 ms  DeleteObjects: 0.034700 ms)

========================================================================
Received Prepare
Registering precompiled user dll's ...
Registered in 0.001260 seconds.
Begin MonoManager ReloadAssembly
Native extension for WindowsStandalone target not found
Refreshing native plugins compatible for Editor in 0.37 ms, found 1 plugins.
Preloading 0 native plugins for Editor in 0.00 ms.
Mono: successfully reloaded assembly
- Completed reload, in  0.563 seconds
Platform modules already initialized, skipping
Refreshing native plugins compatible for Editor in 0.36 ms, found 1 plugins.
Preloading 0 native plugins for Editor in 0.00 ms.
Unloading 2662 Unused Serialized files (Serialized files now loaded: 0)
System memory in use before: 102.2 MB.
System memory in use after: 102.4 MB.

Unloading 10 unused Assets to reduce memory usage. Loaded Objects now: 3189.
Total: 1.450000 ms (FindLiveObjects: 0.172300 ms CreateObjectMapping: 0.087700 ms MarkObjects: 1.135600 ms  DeleteObjects: 0.053700 ms)

========================================================================
Received Prepare
Registering precompiled user dll's ...
Registered in 0.001172 seconds.
Begin MonoManager ReloadAssembly
Native extension for WindowsStandalone target not found
Refreshing native plugins compatible for Editor in 0.35 ms, found 1 plugins.
Preloading 0 native plugins for Editor in 0.00 ms.
Mono: successfully reloaded assembly
- Completed reload, in  0.557 seconds
Platform modules already initialized, skipping
Refreshing native plugins compatible for Editor in 0.35 ms, found 1 plugins.
Preloading 0 native plugins for Editor in 0.00 ms.
Unloading 2662 Unused Serialized files (Serialized files now loaded: 0)
System memory in use before: 102.2 MB.
System memory in use after: 102.4 MB.

Unloading 10 unused Assets to reduce memory usage. Loaded Objects now: 3192.
Total: 1.308900 ms (FindLiveObjects: 0.142600 ms CreateObjectMapping: 0.065200 ms MarkObjects: 1.067800 ms  DeleteObjects: 0.032700 ms)

========================================================================
Received Prepare
Registering precompiled user dll's ...
Registered in 0.001179 seconds.
Begin MonoManager ReloadAssembly
Native extension for WindowsStandalone target not found
Refreshing native plugins compatible for Editor in 0.37 ms, found 1 plugins.
Preloading 0 native plugins for Editor in 0.00 ms.
Mono: successfully reloaded assembly
- Completed reload, in  0.555 seconds
Platform modules already initialized, skipping
Refreshing native plugins compatible for Editor in 0.36 ms, found 1 plugins.
Preloading 0 native plugins for Editor in 0.00 ms.
Unloading 2662 Unused Serialized files (Serialized files now loaded: 0)
System memory in use before: 102.2 MB.
System memory in use after: 102.4 MB.

Unloading 10 unused Assets to reduce memory usage. Loaded Objects now: 3195.
Total: 1.456600 ms (FindLiveObjects: 0.152200 ms CreateObjectMapping: 0.060500 ms MarkObjects: 1.208100 ms  DeleteObjects: 0.035100 ms)

========================================================================
Received Prepare
Registering precompiled user dll's ...
Registered in 0.001172 seconds.
Begin MonoManager ReloadAssembly
Native extension for WindowsStandalone target not found
Refreshing native plugins compatible for Editor in 0.45 ms, found 1 plugins.
Preloading 0 native plugins for Editor in 0.00 ms.
Mono: successfully reloaded assembly
- Completed reload, in  0.566 seconds
Platform modules already initialized, skipping
Refreshing native plugins compatible for Editor in 0.37 ms, found 1 plugins.
Preloading 0 native plugins for Editor in 0.00 ms.
Unloading 2662 Unused Serialized files (Serialized files now loaded: 0)
System memory in use before: 102.2 MB.
System memory in use after: 102.4 MB.

Unloading 10 unused Assets to reduce memory usage. Loaded Objects now: 3198.
Total: 1.496000 ms (FindLiveObjects: 0.164500 ms CreateObjectMapping: 0.068100 ms MarkObjects: 1.226200 ms  DeleteObjects: 0.036400 ms)

========================================================================
Received Prepare
Registering precompiled user dll's ...
Registered in 0.001163 seconds.
Begin MonoManager ReloadAssembly
Native extension for WindowsStandalone target not found
Refreshing native plugins compatible for Editor in 0.37 ms, found 1 plugins.
Preloading 0 native plugins for Editor in 0.00 ms.
Mono: successfully reloaded assembly
- Completed reload, in  0.551 seconds
Platform modules already initialized, skipping
Refreshing native plugins compatible for Editor in 0.38 ms, found 1 plugins.
Preloading 0 native plugins for Editor in 0.00 ms.
Unloading 2662 Unused Serialized files (Serialized files now loaded: 0)
System memory in use before: 102.2 MB.
System memory in use after: 102.4 MB.

Unloading 10 unused Assets to reduce memory usage. Loaded Objects now: 3201.
Total: 1.392600 ms (FindLiveObjects: 0.168600 ms CreateObjectMapping: 0.073000 ms MarkObjects: 1.113600 ms  DeleteObjects: 0.036600 ms)

========================================================================
Received Prepare
Registering precompiled user dll's ...
Registered in 0.001384 seconds.
Begin MonoManager ReloadAssembly
Native extension for WindowsStandalone target not found
Refreshing native plugins compatible for Editor in 0.37 ms, found 1 plugins.
Preloading 0 native plugins for Editor in 0.00 ms.
Mono: successfully reloaded assembly
- Completed reload, in  0.607 seconds
Platform modules already initialized, skipping
Refreshing native plugins compatible for Editor in 0.37 ms, found 1 plugins.
Preloading 0 native plugins for Editor in 0.00 ms.
Unloading 2662 Unused Serialized files (Serialized files now loaded: 0)
System memory in use before: 102.2 MB.
System memory in use after: 102.4 MB.

Unloading 10 unused Assets to reduce memory usage. Loaded Objects now: 3204.
Total: 1.535700 ms (FindLiveObjects: 0.161300 ms CreateObjectMapping: 0.062500 ms MarkObjects: 1.269400 ms  DeleteObjects: 0.041700 ms)

========================================================================
Received Prepare
Registering precompiled user dll's ...
Registered in 0.001310 seconds.
Begin MonoManager ReloadAssembly
Native extension for WindowsStandalone target not found
Refreshing native plugins compatible for Editor in 0.36 ms, found 1 plugins.
Preloading 0 native plugins for Editor in 0.00 ms.
Mono: successfully reloaded assembly
- Completed reload, in  0.558 seconds
Platform modules already initialized, skipping
Refreshing native plugins compatible for Editor in 0.57 ms, found 1 plugins.
Preloading 0 native plugins for Editor in 0.00 ms.
Unloading 2662 Unused Serialized files (Serialized files now loaded: 0)
System memory in use before: 102.2 MB.
System memory in use after: 102.4 MB.

Unloading 10 unused Assets to reduce memory usage. Loaded Objects now: 3207.
Total: 1.562300 ms (FindLiveObjects: 0.204900 ms CreateObjectMapping: 0.096700 ms MarkObjects: 1.222200 ms  DeleteObjects: 0.037200 ms)

========================================================================
Received Import Request.
  Time since last request: 3406.298846 seconds.
  path: Assets/Scripts/MoveScene.cs
  artifactKey: Guid(9a786251e09e95d4e9ce3bdb941a17f8) Importer(815301076,1909f56bfc062723c751e8b465ee728b)
Start importing Assets/Scripts/MoveScene.cs using Guid(9a786251e09e95d4e9ce3bdb941a17f8) Importer(815301076,1909f56bfc062723c751e8b465ee728b)  -> (artifact id: '5a73438961685bf824fac0154fea9e49') in 0.005795 seconds 
========================================================================
Received Import Request.
  Time since last request: 82.383418 seconds.
  path: Assets/Scripts/MoveScene.cs
  artifactKey: Guid(9a786251e09e95d4e9ce3bdb941a17f8) Importer(815301076,1909f56bfc062723c751e8b465ee728b)
Start importing Assets/Scripts/MoveScene.cs using Guid(9a786251e09e95d4e9ce3bdb941a17f8) Importer(815301076,1909f56bfc062723c751e8b465ee728b)  -> (artifact id: 'bc65707a1233ab8a43a10500ee8bee2c') in 0.001681 seconds 
========================================================================
Received Import Request.
  Time since last request: 25.440711 seconds.
  path: Assets/Scripts/MoveScene.cs
  artifactKey: Guid(9a786251e09e95d4e9ce3bdb941a17f8) Importer(815301076,1909f56bfc062723c751e8b465ee728b)
Start importing Assets/Scripts/MoveScene.cs using Guid(9a786251e09e95d4e9ce3bdb941a17f8) Importer(815301076,1909f56bfc062723c751e8b465ee728b)  -> (artifact id: '4913e76b7d36fc1efc4abcfd640e4a80') in 0.001147 seconds 
========================================================================
Received Import Request.
  Time since last request: 19.506067 seconds.
  path: Assets/Scripts/MoveScene.cs
  artifactKey: Guid(9a786251e09e95d4e9ce3bdb941a17f8) Importer(815301076,1909f56bfc062723c751e8b465ee728b)
Start importing Assets/Scripts/MoveScene.cs using Guid(9a786251e09e95d4e9ce3bdb941a17f8) Importer(815301076,1909f56bfc062723c751e8b465ee728b)  -> (artifact id: 'c5b499cd91a948acc1e47c2a9afe593c') in 0.001092 seconds 
========================================================================
Received Prepare
Registering precompiled user dll's ...
Registered in 0.001205 seconds.
Begin MonoManager ReloadAssembly
Native extension for WindowsStandalone target not found
Refreshing native plugins compatible for Editor in 0.43 ms, found 1 plugins.
Preloading 0 native plugins for Editor in 0.00 ms.
Mono: successfully reloaded assembly
- Completed reload, in  0.559 seconds
Platform modules already initialized, skipping
Refreshing native plugins compatible for Editor in 0.44 ms, found 1 plugins.
Preloading 0 native plugins for Editor in 0.00 ms.
Unloading 2662 Unused Serialized files (Serialized files now loaded: 0)
System memory in use before: 102.2 MB.
System memory in use after: 102.4 MB.

Unloading 10 unused Assets to reduce memory usage. Loaded Objects now: 3210.
Total: 1.403900 ms (FindLiveObjects: 0.149600 ms CreateObjectMapping: 0.063100 ms MarkObjects: 1.132100 ms  DeleteObjects: 0.058400 ms)

========================================================================
Received Import Request.
  Time since last request: 9.697023 seconds.
  path: Assets/Scripts/MoveScene.cs
  artifactKey: Guid(9a786251e09e95d4e9ce3bdb941a17f8) Importer(815301076,1909f56bfc062723c751e8b465ee728b)
Start importing Assets/Scripts/MoveScene.cs using Guid(9a786251e09e95d4e9ce3bdb941a17f8) Importer(815301076,1909f56bfc062723c751e8b465ee728b)  -> (artifact id: 'd557046f648215a2eca40501e4b2460d') in 0.003411 seconds 
========================================================================
Received Import Request.
  Time since last request: 11.000490 seconds.
  path: Assets/Scripts/MoveScene.cs
  artifactKey: Guid(9a786251e09e95d4e9ce3bdb941a17f8) Importer(815301076,1909f56bfc062723c751e8b465ee728b)
Start importing Assets/Scripts/MoveScene.cs using Guid(9a786251e09e95d4e9ce3bdb941a17f8) Importer(815301076,1909f56bfc062723c751e8b465ee728b)  -> (artifact id: 'a55d01f8b4c19d7e139ad3ac30e38d0c') in 0.001201 seconds 
========================================================================
Received Prepare
Registering precompiled user dll's ...
Registered in 0.001178 seconds.
Begin MonoManager ReloadAssembly
Native extension for WindowsStandalone target not found
Refreshing native plugins compatible for Editor in 0.35 ms, found 1 plugins.
Preloading 0 native plugins for Editor in 0.00 ms.
Mono: successfully reloaded assembly
- Completed reload, in  0.562 seconds
Platform modules already initialized, skipping
Refreshing native plugins compatible for Editor in 0.35 ms, found 1 plugins.
Preloading 0 native plugins for Editor in 0.00 ms.
Unloading 2662 Unused Serialized files (Serialized files now loaded: 0)
System memory in use before: 102.2 MB.
System memory in use after: 102.4 MB.

Unloading 10 unused Assets to reduce memory usage. Loaded Objects now: 3213.
Total: 1.378100 ms (FindLiveObjects: 0.155000 ms CreateObjectMapping: 0.062400 ms MarkObjects: 1.112900 ms  DeleteObjects: 0.047100 ms)

========================================================================
Received Import Request.
  Time since last request: 11.957225 seconds.
  path: Assets/Scripts/MoveScene.cs
  artifactKey: Guid(9a786251e09e95d4e9ce3bdb941a17f8) Importer(815301076,1909f56bfc062723c751e8b465ee728b)
Start importing Assets/Scripts/MoveScene.cs using Guid(9a786251e09e95d4e9ce3bdb941a17f8) Importer(815301076,1909f56bfc062723c751e8b465ee728b)  -> (artifact id: '5cf47ea58907d759e3830edeb95e440d') in 0.003823 seconds 
========================================================================
Received Prepare
Registering precompiled user dll's ...
Registered in 0.001273 seconds.
Begin MonoManager ReloadAssembly
Native extension for WindowsStandalone target not found
Refreshing native plugins compatible for Editor in 0.36 ms, found 1 plugins.
Preloading 0 native plugins for Editor in 0.00 ms.
Mono: successfully reloaded assembly
- Completed reload, in  0.554 seconds
Platform modules already initialized, skipping
Refreshing native plugins compatible for Editor in 0.35 ms, found 1 plugins.
Preloading 0 native plugins for Editor in 0.00 ms.
Unloading 2662 Unused Serialized files (Serialized files now loaded: 0)
System memory in use before: 102.2 MB.
System memory in use after: 102.4 MB.

Unloading 10 unused Assets to reduce memory usage. Loaded Objects now: 3216.
Total: 1.923800 ms (FindLiveObjects: 0.146000 ms CreateObjectMapping: 0.063200 ms MarkObjects: 1.674300 ms  DeleteObjects: 0.039700 ms)

========================================================================
Received Prepare
Registering precompiled user dll's ...
Registered in 0.001201 seconds.
Begin MonoManager ReloadAssembly
Native extension for WindowsStandalone target not found
Refreshing native plugins compatible for Editor in 0.37 ms, found 1 plugins.
Preloading 0 native plugins for Editor in 0.00 ms.
Mono: successfully reloaded assembly
- Completed reload, in  0.578 seconds
Platform modules already initialized, skipping
Refreshing native plugins compatible for Editor in 0.35 ms, found 1 plugins.
Preloading 0 native plugins for Editor in 0.00 ms.
Unloading 2662 Unused Serialized files (Serialized files now loaded: 0)
System memory in use before: 102.2 MB.
System memory in use after: 102.4 MB.

Unloading 10 unused Assets to reduce memory usage. Loaded Objects now: 3219.
Total: 1.532200 ms (FindLiveObjects: 0.155200 ms CreateObjectMapping: 0.065000 ms MarkObjects: 1.246500 ms  DeleteObjects: 0.064600 ms)

========================================================================
Received Prepare
Registering precompiled user dll's ...
Registered in 0.001245 seconds.
Begin MonoManager ReloadAssembly
Native extension for WindowsStandalone target not found
Refreshing native plugins compatible for Editor in 0.38 ms, found 1 plugins.
Preloading 0 native plugins for Editor in 0.00 ms.
Mono: successfully reloaded assembly
- Completed reload, in  0.542 seconds
Platform modules already initialized, skipping
Refreshing native plugins compatible for Editor in 0.33 ms, found 1 plugins.
Preloading 0 native plugins for Editor in 0.00 ms.
Unloading 2662 Unused Serialized files (Serialized files now loaded: 0)
System memory in use before: 102.3 MB.
System memory in use after: 102.4 MB.

Unloading 10 unused Assets to reduce memory usage. Loaded Objects now: 3222.
Total: 1.399400 ms (FindLiveObjects: 0.159400 ms CreateObjectMapping: 0.063100 ms MarkObjects: 1.136100 ms  DeleteObjects: 0.040100 ms)

========================================================================
Received Prepare
Registering precompiled user dll's ...
Registered in 0.001193 seconds.
Begin MonoManager ReloadAssembly
Native extension for WindowsStandalone target not found
Refreshing native plugins compatible for Editor in 0.36 ms, found 1 plugins.
Preloading 0 native plugins for Editor in 0.00 ms.
Mono: successfully reloaded assembly
- Completed reload, in  0.562 seconds
Platform modules already initialized, skipping
Refreshing native plugins compatible for Editor in 0.36 ms, found 1 plugins.
Preloading 0 native plugins for Editor in 0.00 ms.
Unloading 2662 Unused Serialized files (Serialized files now loaded: 0)
System memory in use before: 102.3 MB.
System memory in use after: 102.5 MB.

Unloading 10 unused Assets to reduce memory usage. Loaded Objects now: 3225.
Total: 1.422500 ms (FindLiveObjects: 0.158900 ms CreateObjectMapping: 0.067100 ms MarkObjects: 1.160400 ms  DeleteObjects: 0.035400 ms)

========================================================================
Received Prepare
Registering precompiled user dll's ...
Registered in 0.001231 seconds.
Begin MonoManager ReloadAssembly
Native extension for WindowsStandalone target not found
Refreshing native plugins compatible for Editor in 0.35 ms, found 1 plugins.
Preloading 0 native plugins for Editor in 0.00 ms.
Mono: successfully reloaded assembly
- Completed reload, in  0.550 seconds
Platform modules already initialized, skipping
Refreshing native plugins compatible for Editor in 0.35 ms, found 1 plugins.
Preloading 0 native plugins for Editor in 0.00 ms.
Unloading 2662 Unused Serialized files (Serialized files now loaded: 0)
System memory in use before: 102.2 MB.
System memory in use after: 102.4 MB.

Unloading 10 unused Assets to reduce memory usage. Loaded Objects now: 3228.
Total: 1.376200 ms (FindLiveObjects: 0.168000 ms CreateObjectMapping: 0.068900 ms MarkObjects: 1.102900 ms  DeleteObjects: 0.035400 ms)

========================================================================
Received Prepare
Registering precompiled user dll's ...
Registered in 0.001156 seconds.
Begin MonoManager ReloadAssembly
Native extension for WindowsStandalone target not found
Refreshing native plugins compatible for Editor in 0.37 ms, found 1 plugins.
Preloading 0 native plugins for Editor in 0.00 ms.
Mono: successfully reloaded assembly
- Completed reload, in  0.553 seconds
Platform modules already initialized, skipping
Refreshing native plugins compatible for Editor in 0.38 ms, found 1 plugins.
Preloading 0 native plugins for Editor in 0.00 ms.
Unloading 2662 Unused Serialized files (Serialized files now loaded: 0)
System memory in use before: 102.2 MB.
System memory in use after: 102.4 MB.

Unloading 10 unused Assets to reduce memory usage. Loaded Objects now: 3231.
Total: 1.646600 ms (FindLiveObjects: 0.196000 ms CreateObjectMapping: 0.085700 ms MarkObjects: 1.321400 ms  DeleteObjects: 0.042200 ms)

========================================================================
Received Prepare
Registering precompiled user dll's ...
Registered in 0.001224 seconds.
Begin MonoManager ReloadAssembly
Native extension for WindowsStandalone target not found
Refreshing native plugins compatible for Editor in 0.37 ms, found 1 plugins.
Preloading 0 native plugins for Editor in 0.00 ms.
Mono: successfully reloaded assembly
- Completed reload, in  0.569 seconds
Platform modules already initialized, skipping
Refreshing native plugins compatible for Editor in 0.33 ms, found 1 plugins.
Preloading 0 native plugins for Editor in 0.00 ms.
Unloading 2662 Unused Serialized files (Serialized files now loaded: 0)
System memory in use before: 102.3 MB.
System memory in use after: 102.4 MB.

Unloading 10 unused Assets to reduce memory usage. Loaded Objects now: 3234.
Total: 1.507300 ms (FindLiveObjects: 0.181800 ms CreateObjectMapping: 0.072500 ms MarkObjects: 1.218000 ms  DeleteObjects: 0.034200 ms)

========================================================================
Received Prepare
Registering precompiled user dll's ...
Registered in 0.001252 seconds.
Begin MonoManager ReloadAssembly
Native extension for WindowsStandalone target not found
Refreshing native plugins compatible for Editor in 0.51 ms, found 1 plugins.
Preloading 0 native plugins for Editor in 0.00 ms.
Mono: successfully reloaded assembly
- Completed reload, in  0.547 seconds
Platform modules already initialized, skipping
Refreshing native plugins compatible for Editor in 0.34 ms, found 1 plugins.
Preloading 0 native plugins for Editor in 0.00 ms.
Unloading 2662 Unused Serialized files (Serialized files now loaded: 0)
System memory in use before: 102.3 MB.
System memory in use after: 102.5 MB.

Unloading 10 unused Assets to reduce memory usage. Loaded Objects now: 3237.
Total: 1.462400 ms (FindLiveObjects: 0.146200 ms CreateObjectMapping: 0.061400 ms MarkObjects: 1.206800 ms  DeleteObjects: 0.047400 ms)

========================================================================
Received Prepare
Registering precompiled user dll's ...
Registered in 0.001322 seconds.
Begin MonoManager ReloadAssembly
Native extension for WindowsStandalone target not found
Refreshing native plugins compatible for Editor in 0.36 ms, found 1 plugins.
Preloading 0 native plugins for Editor in 0.00 ms.
Mono: successfully reloaded assembly
- Completed reload, in  0.546 seconds
Platform modules already initialized, skipping
Refreshing native plugins compatible for Editor in 0.35 ms, found 1 plugins.
Preloading 0 native plugins for Editor in 0.00 ms.
Unloading 2662 Unused Serialized files (Serialized files now loaded: 0)
System memory in use before: 102.3 MB.
System memory in use after: 102.5 MB.

Unloading 10 unused Assets to reduce memory usage. Loaded Objects now: 3240.
Total: 1.438700 ms (FindLiveObjects: 0.165600 ms CreateObjectMapping: 0.056100 ms MarkObjects: 1.175700 ms  DeleteObjects: 0.040300 ms)

========================================================================
Received Prepare
Registering precompiled user dll's ...
Registered in 0.001430 seconds.
Begin MonoManager ReloadAssembly
Native extension for WindowsStandalone target not found
Refreshing native plugins compatible for Editor in 0.50 ms, found 1 plugins.
Preloading 0 native plugins for Editor in 0.00 ms.
Mono: successfully reloaded assembly
- Completed reload, in  0.603 seconds
Platform modules already initialized, skipping
Refreshing native plugins compatible for Editor in 0.56 ms, found 1 plugins.
Preloading 0 native plugins for Editor in 0.00 ms.
Unloading 2662 Unused Serialized files (Serialized files now loaded: 0)
System memory in use before: 102.3 MB.
System memory in use after: 102.5 MB.

Unloading 10 unused Assets to reduce memory usage. Loaded Objects now: 3243.
Total: 1.503300 ms (FindLiveObjects: 0.178600 ms CreateObjectMapping: 0.068800 ms MarkObjects: 1.219300 ms  DeleteObjects: 0.035600 ms)

========================================================================
Received Prepare
Registering precompiled user dll's ...
Registered in 0.001179 seconds.
Begin MonoManager ReloadAssembly
Native extension for WindowsStandalone target not found
Refreshing native plugins compatible for Editor in 0.38 ms, found 1 plugins.
Preloading 0 native plugins for Editor in 0.00 ms.
Mono: successfully reloaded assembly
- Completed reload, in  0.555 seconds
Platform modules already initialized, skipping
Refreshing native plugins compatible for Editor in 0.33 ms, found 1 plugins.
Preloading 0 native plugins for Editor in 0.00 ms.
Unloading 2662 Unused Serialized files (Serialized files now loaded: 0)
System memory in use before: 102.3 MB.
System memory in use after: 102.5 MB.

Unloading 10 unused Assets to reduce memory usage. Loaded Objects now: 3246.
Total: 1.634600 ms (FindLiveObjects: 0.207000 ms CreateObjectMapping: 0.062900 ms MarkObjects: 1.319300 ms  DeleteObjects: 0.044300 ms)

========================================================================
Received Prepare
Registering precompiled user dll's ...
Registered in 0.001235 seconds.
Begin MonoManager ReloadAssembly
Native extension for WindowsStandalone target not found
Refreshing native plugins compatible for Editor in 0.35 ms, found 1 plugins.
Preloading 0 native plugins for Editor in 0.00 ms.
Mono: successfully reloaded assembly
- Completed reload, in  0.547 seconds
Platform modules already initialized, skipping
Refreshing native plugins compatible for Editor in 0.35 ms, found 1 plugins.
Preloading 0 native plugins for Editor in 0.00 ms.
Unloading 2662 Unused Serialized files (Serialized files now loaded: 0)
System memory in use before: 102.3 MB.
System memory in use after: 102.5 MB.

Unloading 10 unused Assets to reduce memory usage. Loaded Objects now: 3249.
Total: 1.777000 ms (FindLiveObjects: 0.196400 ms CreateObjectMapping: 0.081500 ms MarkObjects: 1.456700 ms  DeleteObjects: 0.041300 ms)

========================================================================
Received Prepare
Registering precompiled user dll's ...
Registered in 0.001187 seconds.
Begin MonoManager ReloadAssembly
Native extension for WindowsStandalone target not found
Refreshing native plugins compatible for Editor in 0.44 ms, found 1 plugins.
Preloading 0 native plugins for Editor in 0.00 ms.
Mono: successfully reloaded assembly
- Completed reload, in  0.548 seconds
Platform modules already initialized, skipping
Refreshing native plugins compatible for Editor in 0.36 ms, found 1 plugins.
Preloading 0 native plugins for Editor in 0.00 ms.
Unloading 2662 Unused Serialized files (Serialized files now loaded: 0)
System memory in use before: 102.3 MB.
System memory in use after: 102.5 MB.

Unloading 10 unused Assets to reduce memory usage. Loaded Objects now: 3252.
Total: 1.531300 ms (FindLiveObjects: 0.191300 ms CreateObjectMapping: 0.078900 ms MarkObjects: 1.216600 ms  DeleteObjects: 0.043700 ms)

========================================================================
Received Prepare
Registering precompiled user dll's ...
Registered in 0.001192 seconds.
Begin MonoManager ReloadAssembly
Native extension for WindowsStandalone target not found
Refreshing native plugins compatible for Editor in 0.35 ms, found 1 plugins.
Preloading 0 native plugins for Editor in 0.00 ms.
Mono: successfully reloaded assembly
- Completed reload, in  0.540 seconds
Platform modules already initialized, skipping
Refreshing native plugins compatible for Editor in 0.32 ms, found 1 plugins.
Preloading 0 native plugins for Editor in 0.00 ms.
Unloading 2662 Unused Serialized files (Serialized files now loaded: 0)
System memory in use before: 102.3 MB.
System memory in use after: 102.5 MB.

Unloading 10 unused Assets to reduce memory usage. Loaded Objects now: 3255.
Total: 1.371900 ms (FindLiveObjects: 0.154700 ms CreateObjectMapping: 0.061900 ms MarkObjects: 1.105400 ms  DeleteObjects: 0.049000 ms)

========================================================================
Received Import Request.
  Time since last request: 2275.029702 seconds.
  path: Assets/Prefabs/Player.prefab
  artifactKey: Guid(e928f902d86473d49a1aac1730aeae09) Importer(815301076,1909f56bfc062723c751e8b465ee728b)
Start importing Assets/Prefabs/Player.prefab using Guid(e928f902d86473d49a1aac1730aeae09) Importer(815301076,1909f56bfc062723c751e8b465ee728b)  -> (artifact id: 'aca7943f03b7caed0f93892e38534e94') in 0.052414 seconds 
========================================================================
Received Prepare
Registering precompiled user dll's ...
Registered in 0.001288 seconds.
Begin MonoManager ReloadAssembly
Native extension for WindowsStandalone target not found
Refreshing native plugins compatible for Editor in 0.35 ms, found 1 plugins.
Preloading 0 native plugins for Editor in 0.00 ms.
Mono: successfully reloaded assembly
- Completed reload, in  0.585 seconds
Platform modules already initialized, skipping
Refreshing native plugins compatible for Editor in 0.38 ms, found 1 plugins.
Preloading 0 native plugins for Editor in 0.00 ms.
Unloading 2662 Unused Serialized files (Serialized files now loaded: 0)
System memory in use before: 102.4 MB.
System memory in use after: 102.5 MB.

Unloading 11 unused Assets to reduce memory usage. Loaded Objects now: 3260.
Total: 1.449000 ms (FindLiveObjects: 0.162200 ms CreateObjectMapping: 0.063400 ms MarkObjects: 1.160400 ms  DeleteObjects: 0.062100 ms)

========================================================================
Received Import Request.
  Time since last request: 884.553636 seconds.
  path: Assets/Scripts/PlayerControll.cs
  artifactKey: Guid(67b8111d767a3724d9d17257f454fb0f) Importer(815301076,1909f56bfc062723c751e8b465ee728b)
Start importing Assets/Scripts/PlayerControll.cs using Guid(67b8111d767a3724d9d17257f454fb0f) Importer(815301076,1909f56bfc062723c751e8b465ee728b)  -> (artifact id: '35e0af49e811c24133a37d0202ff4301') in 0.003848 seconds 
========================================================================
Received Import Request.
  Time since last request: 8.176530 seconds.
  path: Assets/Scripts/PlayerController.cs
  artifactKey: Guid(67b8111d767a3724d9d17257f454fb0f) Importer(815301076,1909f56bfc062723c751e8b465ee728b)
Start importing Assets/Scripts/PlayerController.cs using Guid(67b8111d767a3724d9d17257f454fb0f) Importer(815301076,1909f56bfc062723c751e8b465ee728b)  -> (artifact id: 'ceda5cf493b3b5e2c6564768f07c54bf') in 0.005246 seconds 
========================================================================
Received Prepare
Registering precompiled user dll's ...
Registered in 0.001304 seconds.
Begin MonoManager ReloadAssembly
Native extension for WindowsStandalone target not found
Refreshing native plugins compatible for Editor in 0.36 ms, found 1 plugins.
Preloading 0 native plugins for Editor in 0.00 ms.
Mono: successfully reloaded assembly
- Completed reload, in  0.566 seconds
Platform modules already initialized, skipping
Refreshing native plugins compatible for Editor in 0.37 ms, found 1 plugins.
Preloading 0 native plugins for Editor in 0.00 ms.
Unloading 2662 Unused Serialized files (Serialized files now loaded: 0)
System memory in use before: 102.3 MB.
System memory in use after: 102.5 MB.

Unloading 10 unused Assets to reduce memory usage. Loaded Objects now: 3263.
Total: 1.435800 ms (FindLiveObjects: 0.162600 ms CreateObjectMapping: 0.062200 ms MarkObjects: 1.173600 ms  DeleteObjects: 0.036600 ms)

========================================================================
Received Prepare
Registering precompiled user dll's ...
Registered in 0.001324 seconds.
Begin MonoManager ReloadAssembly
Native extension for WindowsStandalone target not found
Refreshing native plugins compatible for Editor in 0.37 ms, found 1 plugins.
Preloading 0 native plugins for Editor in 0.00 ms.
Mono: successfully reloaded assembly
- Completed reload, in  0.570 seconds
Platform modules already initialized, skipping
Refreshing native plugins compatible for Editor in 0.44 ms, found 1 plugins.
Preloading 0 native plugins for Editor in 0.00 ms.
Unloading 2663 Unused Serialized files (Serialized files now loaded: 0)
System memory in use before: 102.4 MB.
System memory in use after: 102.6 MB.

Unloading 10 unused Assets to reduce memory usage. Loaded Objects now: 3267.
Total: 1.432900 ms (FindLiveObjects: 0.159000 ms CreateObjectMapping: 0.060800 ms MarkObjects: 1.179100 ms  DeleteObjects: 0.033200 ms)

========================================================================
Received Import Request.
  Time since last request: 22.330557 seconds.
  path: Assets/Scripts/PlayerControll.cs
  artifactKey: Guid(f8cee5c70a8e5044ebd83aac76a2a3ff) Importer(815301076,1909f56bfc062723c751e8b465ee728b)
Start importing Assets/Scripts/PlayerControll.cs using Guid(f8cee5c70a8e5044ebd83aac76a2a3ff) Importer(815301076,1909f56bfc062723c751e8b465ee728b)  -> (artifact id: '2cf442aed10bcaea09ae00446358cca9') in 0.004447 seconds 
========================================================================
Received Prepare
Registering precompiled user dll's ...
Registered in 0.001161 seconds.
Begin MonoManager ReloadAssembly
Native extension for WindowsStandalone target not found
Refreshing native plugins compatible for Editor in 0.43 ms, found 1 plugins.
Preloading 0 native plugins for Editor in 0.00 ms.
Mono: successfully reloaded assembly
- Completed reload, in  0.554 seconds
Platform modules already initialized, skipping
Refreshing native plugins compatible for Editor in 0.35 ms, found 1 plugins.
Preloading 0 native plugins for Editor in 0.00 ms.
Unloading 2662 Unused Serialized files (Serialized files now loaded: 0)
System memory in use before: 102.4 MB.
System memory in use after: 102.6 MB.

Unloading 11 unused Assets to reduce memory usage. Loaded Objects now: 3269.
Total: 1.479900 ms (FindLiveObjects: 0.154600 ms CreateObjectMapping: 0.060800 ms MarkObjects: 1.210800 ms  DeleteObjects: 0.052900 ms)

========================================================================
Received Import Request.
  Time since last request: 29.800722 seconds.
  path: Assets/Scripts/SceneControll.cs
  artifactKey: Guid(b1d4f3ffd26b3d44a99c6eb46042babf) Importer(815301076,1909f56bfc062723c751e8b465ee728b)
Start importing Assets/Scripts/SceneControll.cs using Guid(b1d4f3ffd26b3d44a99c6eb46042babf) Importer(815301076,1909f56bfc062723c751e8b465ee728b)  -> (artifact id: '73384d10ca9b21f5c624986ad7cf65ed') in 0.006893 seconds 
========================================================================
Received Prepare
Registering precompiled user dll's ...
Registered in 0.001286 seconds.
Begin MonoManager ReloadAssembly
Native extension for WindowsStandalone target not found
Refreshing native plugins compatible for Editor in 0.43 ms, found 1 plugins.
Preloading 0 native plugins for Editor in 0.00 ms.
Mono: successfully reloaded assembly
- Completed reload, in  0.530 seconds
Platform modules already initialized, skipping
Refreshing native plugins compatible for Editor in 0.36 ms, found 1 plugins.
Preloading 0 native plugins for Editor in 0.00 ms.
Unloading 2663 Unused Serialized files (Serialized files now loaded: 0)
System memory in use before: 102.4 MB.
System memory in use after: 102.6 MB.

Unloading 10 unused Assets to reduce memory usage. Loaded Objects now: 3273.
Total: 1.442600 ms (FindLiveObjects: 0.160600 ms CreateObjectMapping: 0.068300 ms MarkObjects: 1.164700 ms  DeleteObjects: 0.048400 ms)

========================================================================
Received Prepare
Registering precompiled user dll's ...
Registered in 0.001367 seconds.
Begin MonoManager ReloadAssembly
Native extension for WindowsStandalone target not found
Refreshing native plugins compatible for Editor in 0.39 ms, found 1 plugins.
Preloading 0 native plugins for Editor in 0.00 ms.
Mono: successfully reloaded assembly
- Completed reload, in  0.579 seconds
Platform modules already initialized, skipping
Refreshing native plugins compatible for Editor in 0.37 ms, found 1 plugins.
Preloading 0 native plugins for Editor in 0.00 ms.
Unloading 2663 Unused Serialized files (Serialized files now loaded: 0)
System memory in use before: 102.4 MB.
System memory in use after: 102.6 MB.

Unloading 10 unused Assets to reduce memory usage. Loaded Objects now: 3276.
Total: 1.442200 ms (FindLiveObjects: 0.173500 ms CreateObjectMapping: 0.065800 ms MarkObjects: 1.166100 ms  DeleteObjects: 0.036000 ms)

========================================================================
Received Import Request.
  Time since last request: 54.348662 seconds.
  path: Assets/Scripts/SceneControll.cs
  artifactKey: Guid(b1d4f3ffd26b3d44a99c6eb46042babf) Importer(815301076,1909f56bfc062723c751e8b465ee728b)
Start importing Assets/Scripts/SceneControll.cs using Guid(b1d4f3ffd26b3d44a99c6eb46042babf) Importer(815301076,1909f56bfc062723c751e8b465ee728b)  -> (artifact id: '912da10fae6ad9cf1fc7c75beb995e11') in 0.004098 seconds 
========================================================================
Received Prepare
Registering precompiled user dll's ...
Registered in 0.001224 seconds.
Begin MonoManager ReloadAssembly
Native extension for WindowsStandalone target not found
Refreshing native plugins compatible for Editor in 0.35 ms, found 1 plugins.
Preloading 0 native plugins for Editor in 0.00 ms.
Mono: successfully reloaded assembly
- Completed reload, in  0.553 seconds
Platform modules already initialized, skipping
Refreshing native plugins compatible for Editor in 0.34 ms, found 1 plugins.
Preloading 0 native plugins for Editor in 0.00 ms.
Unloading 2663 Unused Serialized files (Serialized files now loaded: 0)
System memory in use before: 102.4 MB.
System memory in use after: 102.6 MB.

Unloading 10 unused Assets to reduce memory usage. Loaded Objects now: 3279.
Total: 1.355200 ms (FindLiveObjects: 0.149600 ms CreateObjectMapping: 0.051100 ms MarkObjects: 1.120200 ms  DeleteObjects: 0.033700 ms)

========================================================================
Received Prepare
Registering precompiled user dll's ...
Registered in 0.001269 seconds.
Begin MonoManager ReloadAssembly
Native extension for WindowsStandalone target not found
Refreshing native plugins compatible for Editor in 0.36 ms, found 1 plugins.
Preloading 0 native plugins for Editor in 0.00 ms.
Mono: successfully reloaded assembly
- Completed reload, in  0.553 seconds
Platform modules already initialized, skipping
Refreshing native plugins compatible for Editor in 0.35 ms, found 1 plugins.
Preloading 0 native plugins for Editor in 0.00 ms.
Unloading 2663 Unused Serialized files (Serialized files now loaded: 0)
System memory in use before: 102.4 MB.
System memory in use after: 102.6 MB.

Unloading 10 unused Assets to reduce memory usage. Loaded Objects now: 3282.
Total: 1.414200 ms (FindLiveObjects: 0.161700 ms CreateObjectMapping: 0.065300 ms MarkObjects: 1.150300 ms  DeleteObjects: 0.035800 ms)

========================================================================
Received Prepare
Registering precompiled user dll's ...
Registered in 0.001199 seconds.
Begin MonoManager ReloadAssembly
Native extension for WindowsStandalone target not found
Refreshing native plugins compatible for Editor in 0.36 ms, found 1 plugins.
Preloading 0 native plugins for Editor in 0.00 ms.
Mono: successfully reloaded assembly
- Completed reload, in  0.564 seconds
Platform modules already initialized, skipping
Refreshing native plugins compatible for Editor in 0.36 ms, found 1 plugins.
Preloading 0 native plugins for Editor in 0.00 ms.
Unloading 2663 Unused Serialized files (Serialized files now loaded: 0)
System memory in use before: 102.4 MB.
System memory in use after: 102.6 MB.

Unloading 10 unused Assets to reduce memory usage. Loaded Objects now: 3285.
Total: 1.441300 ms (FindLiveObjects: 0.162200 ms CreateObjectMapping: 0.057800 ms MarkObjects: 1.183200 ms  DeleteObjects: 0.037300 ms)

========================================================================
Received Prepare
Registering precompiled user dll's ...
Registered in 0.001242 seconds.
Begin MonoManager ReloadAssembly
Native extension for WindowsStandalone target not found
Refreshing native plugins compatible for Editor in 0.39 ms, found 1 plugins.
Preloading 0 native plugins for Editor in 0.00 ms.
Mono: successfully reloaded assembly
- Completed reload, in  0.564 seconds
Platform modules already initialized, skipping
Refreshing native plugins compatible for Editor in 0.35 ms, found 1 plugins.
Preloading 0 native plugins for Editor in 0.00 ms.
Unloading 2663 Unused Serialized files (Serialized files now loaded: 0)
System memory in use before: 102.4 MB.
System memory in use after: 102.6 MB.

Unloading 10 unused Assets to reduce memory usage. Loaded Objects now: 3288.
Total: 1.402400 ms (FindLiveObjects: 0.163000 ms CreateObjectMapping: 0.064100 ms MarkObjects: 1.140200 ms  DeleteObjects: 0.034500 ms)

========================================================================
Received Import Request.
  Time since last request: 139.351147 seconds.
  path: Assets/Scripts/MoveScene.cs
  artifactKey: Guid(9a786251e09e95d4e9ce3bdb941a17f8) Importer(815301076,1909f56bfc062723c751e8b465ee728b)
Start importing Assets/Scripts/MoveScene.cs using Guid(9a786251e09e95d4e9ce3bdb941a17f8) Importer(815301076,1909f56bfc062723c751e8b465ee728b)  -> (artifact id: '2bd34a55c575cd9da035b568432db5e8') in 0.004314 seconds 
========================================================================
Received Import Request.
  Time since last request: 0.365172 seconds.
  path: Assets/Scripts/PlayerController.cs
  artifactKey: Guid(67b8111d767a3724d9d17257f454fb0f) Importer(815301076,1909f56bfc062723c751e8b465ee728b)
Start importing Assets/Scripts/PlayerController.cs using Guid(67b8111d767a3724d9d17257f454fb0f) Importer(815301076,1909f56bfc062723c751e8b465ee728b)  -> (artifact id: '0105655a32dff780be6e0bd3fe2f3506') in 0.001205 seconds 
========================================================================
Received Import Request.
  Time since last request: 0.332313 seconds.
  path: Assets/Scripts/SceneControll.cs
  artifactKey: Guid(b1d4f3ffd26b3d44a99c6eb46042babf) Importer(815301076,1909f56bfc062723c751e8b465ee728b)
Start importing Assets/Scripts/SceneControll.cs using Guid(b1d4f3ffd26b3d44a99c6eb46042babf) Importer(815301076,1909f56bfc062723c751e8b465ee728b)  -> (artifact id: '4286c6eae77f4f69a503585b500514d2') in 0.001162 seconds 
========================================================================
Received Prepare
Registering precompiled user dll's ...
Registered in 0.001202 seconds.
Begin MonoManager ReloadAssembly
Native extension for WindowsStandalone target not found
Refreshing native plugins compatible for Editor in 0.35 ms, found 1 plugins.
Preloading 0 native plugins for Editor in 0.00 ms.
Mono: successfully reloaded assembly
- Completed reload, in  0.585 seconds
Platform modules already initialized, skipping
Refreshing native plugins compatible for Editor in 0.42 ms, found 1 plugins.
Preloading 0 native plugins for Editor in 0.00 ms.
Unloading 2662 Unused Serialized files (Serialized files now loaded: 0)
System memory in use before: 102.4 MB.
System memory in use after: 102.6 MB.

Unloading 11 unused Assets to reduce memory usage. Loaded Objects now: 3290.
Total: 2.130200 ms (FindLiveObjects: 0.174000 ms CreateObjectMapping: 0.071700 ms MarkObjects: 1.799100 ms  DeleteObjects: 0.084900 ms)

========================================================================
Received Prepare
Registering precompiled user dll's ...
Registered in 0.001187 seconds.
Begin MonoManager ReloadAssembly
Native extension for WindowsStandalone target not found
Refreshing native plugins compatible for Editor in 0.34 ms, found 1 plugins.
Preloading 0 native plugins for Editor in 0.00 ms.
Mono: successfully reloaded assembly
- Completed reload, in  0.560 seconds
Platform modules already initialized, skipping
Refreshing native plugins compatible for Editor in 0.35 ms, found 1 plugins.
Preloading 0 native plugins for Editor in 0.00 ms.
Unloading 2662 Unused Serialized files (Serialized files now loaded: 0)
System memory in use before: 102.4 MB.
System memory in use after: 102.6 MB.

Unloading 10 unused Assets to reduce memory usage. Loaded Objects now: 3293.
Total: 1.364400 ms (FindLiveObjects: 0.162400 ms CreateObjectMapping: 0.063200 ms MarkObjects: 1.102600 ms  DeleteObjects: 0.035600 ms)

========================================================================
Received Prepare
Registering precompiled user dll's ...
Registered in 0.001187 seconds.
Begin MonoManager ReloadAssembly
Native extension for WindowsStandalone target not found
Refreshing native plugins compatible for Editor in 0.38 ms, found 1 plugins.
Preloading 0 native plugins for Editor in 0.00 ms.
Mono: successfully reloaded assembly
- Completed reload, in  0.545 seconds
Platform modules already initialized, skipping
Refreshing native plugins compatible for Editor in 0.35 ms, found 1 plugins.
Preloading 0 native plugins for Editor in 0.00 ms.
Unloading 2662 Unused Serialized files (Serialized files now loaded: 0)
System memory in use before: 102.4 MB.
System memory in use after: 102.6 MB.

Unloading 10 unused Assets to reduce memory usage. Loaded Objects now: 3296.
Total: 1.533700 ms (FindLiveObjects: 0.174800 ms CreateObjectMapping: 0.090000 ms MarkObjects: 1.217600 ms  DeleteObjects: 0.050600 ms)

========================================================================
Received Import Request.
  Time since last request: 59.655798 seconds.
  path: Assets/Scripts/PlayerController.cs
  artifactKey: Guid(67b8111d767a3724d9d17257f454fb0f) Importer(815301076,1909f56bfc062723c751e8b465ee728b)
Start importing Assets/Scripts/PlayerController.cs using Guid(67b8111d767a3724d9d17257f454fb0f) Importer(815301076,1909f56bfc062723c751e8b465ee728b)  -> (artifact id: '17f0b1757b2ab58df3738bd614c36366') in 0.004107 seconds 
========================================================================
Received Prepare
Registering precompiled user dll's ...
Registered in 0.001140 seconds.
Begin MonoManager ReloadAssembly
Native extension for WindowsStandalone target not found
Refreshing native plugins compatible for Editor in 0.37 ms, found 1 plugins.
Preloading 0 native plugins for Editor in 0.00 ms.
Mono: successfully reloaded assembly
- Completed reload, in  0.576 seconds
Platform modules already initialized, skipping
Refreshing native plugins compatible for Editor in 0.40 ms, found 1 plugins.
Preloading 0 native plugins for Editor in 0.00 ms.
Unloading 2663 Unused Serialized files (Serialized files now loaded: 0)
System memory in use before: 102.4 MB.
System memory in use after: 102.6 MB.

Unloading 10 unused Assets to reduce memory usage. Loaded Objects now: 3300.
Total: 1.813300 ms (FindLiveObjects: 0.248900 ms CreateObjectMapping: 0.129700 ms MarkObjects: 1.396500 ms  DeleteObjects: 0.037300 ms)

========================================================================
Received Import Request.
  Time since last request: 42.099446 seconds.
  path: Assets/Scripts/SceneController.cs
  artifactKey: Guid(3bfdd7aaaf74b8b4698dfde0fb50a402) Importer(815301076,1909f56bfc062723c751e8b465ee728b)
Start importing Assets/Scripts/SceneController.cs using Guid(3bfdd7aaaf74b8b4698dfde0fb50a402) Importer(815301076,1909f56bfc062723c751e8b465ee728b)  -> (artifact id: 'd0740d4b1a17595de1e022f8d42a8504') in 0.006813 seconds 
========================================================================
Received Prepare
Registering precompiled user dll's ...
Registered in 0.001269 seconds.
Begin MonoManager ReloadAssembly
Native extension for WindowsStandalone target not found
Refreshing native plugins compatible for Editor in 0.35 ms, found 1 plugins.
Preloading 0 native plugins for Editor in 0.00 ms.
Mono: successfully reloaded assembly
- Completed reload, in  0.570 seconds
Platform modules already initialized, skipping
Refreshing native plugins compatible for Editor in 0.35 ms, found 1 plugins.
Preloading 0 native plugins for Editor in 0.00 ms.
Unloading 2663 Unused Serialized files (Serialized files now loaded: 0)
System memory in use before: 102.5 MB.
System memory in use after: 102.7 MB.

Unloading 10 unused Assets to reduce memory usage. Loaded Objects now: 3303.
Total: 1.474200 ms (FindLiveObjects: 0.188900 ms CreateObjectMapping: 0.068100 ms MarkObjects: 1.166900 ms  DeleteObjects: 0.048900 ms)

========================================================================
Received Prepare
Registering precompiled user dll's ...
Registered in 0.001229 seconds.
Begin MonoManager ReloadAssembly
Native extension for WindowsStandalone target not found
Refreshing native plugins compatible for Editor in 0.39 ms, found 1 plugins.
Preloading 0 native plugins for Editor in 0.00 ms.
Mono: successfully reloaded assembly
- Completed reload, in  0.552 seconds
Platform modules already initialized, skipping
Refreshing native plugins compatible for Editor in 0.37 ms, found 1 plugins.
Preloading 0 native plugins for Editor in 0.00 ms.
Unloading 2663 Unused Serialized files (Serialized files now loaded: 0)
System memory in use before: 102.5 MB.
System memory in use after: 102.7 MB.

Unloading 10 unused Assets to reduce memory usage. Loaded Objects now: 3306.
Total: 1.357900 ms (FindLiveObjects: 0.159700 ms CreateObjectMapping: 0.063300 ms MarkObjects: 1.095600 ms  DeleteObjects: 0.038500 ms)

========================================================================
Received Import Request.
  Time since last request: 34.216389 seconds.
  path: Assets/Scripts/SceneController.cs
  artifactKey: Guid(3bfdd7aaaf74b8b4698dfde0fb50a402) Importer(815301076,1909f56bfc062723c751e8b465ee728b)
Start importing Assets/Scripts/SceneController.cs using Guid(3bfdd7aaaf74b8b4698dfde0fb50a402) Importer(815301076,1909f56bfc062723c751e8b465ee728b)  -> (artifact id: '085ae8f556094399161a849f5c4350b3') in 0.003788 seconds 
========================================================================
Received Prepare
Registering precompiled user dll's ...
Registered in 0.001251 seconds.
Begin MonoManager ReloadAssembly
Native extension for WindowsStandalone target not found
Refreshing native plugins compatible for Editor in 0.34 ms, found 1 plugins.
Preloading 0 native plugins for Editor in 0.00 ms.
Mono: successfully reloaded assembly
- Completed reload, in  0.545 seconds
Platform modules already initialized, skipping
Refreshing native plugins compatible for Editor in 0.34 ms, found 1 plugins.
Preloading 0 native plugins for Editor in 0.00 ms.
Unloading 2663 Unused Serialized files (Serialized files now loaded: 0)
System memory in use before: 102.5 MB.
System memory in use after: 102.7 MB.

Unloading 10 unused Assets to reduce memory usage. Loaded Objects now: 3309.
Total: 1.414200 ms (FindLiveObjects: 0.153800 ms CreateObjectMapping: 0.065200 ms MarkObjects: 1.158600 ms  DeleteObjects: 0.036000 ms)

========================================================================
Received Prepare
Registering precompiled user dll's ...
Registered in 0.001167 seconds.
Begin MonoManager ReloadAssembly
Native extension for WindowsStandalone target not found
Refreshing native plugins compatible for Editor in 0.34 ms, found 1 plugins.
Preloading 0 native plugins for Editor in 0.00 ms.
Mono: successfully reloaded assembly
- Completed reload, in  0.556 seconds
Platform modules already initialized, skipping
Refreshing native plugins compatible for Editor in 0.35 ms, found 1 plugins.
Preloading 0 native plugins for Editor in 0.00 ms.
Unloading 2663 Unused Serialized files (Serialized files now loaded: 0)
System memory in use before: 102.5 MB.
System memory in use after: 102.7 MB.

Unloading 10 unused Assets to reduce memory usage. Loaded Objects now: 3312.
Total: 1.644300 ms (FindLiveObjects: 0.222700 ms CreateObjectMapping: 0.091000 ms MarkObjects: 1.278300 ms  DeleteObjects: 0.051700 ms)

========================================================================
Received Prepare
Registering precompiled user dll's ...
Registered in 0.001500 seconds.
Begin MonoManager ReloadAssembly
Native extension for WindowsStandalone target not found
Refreshing native plugins compatible for Editor in 0.34 ms, found 1 plugins.
Preloading 0 native plugins for Editor in 0.00 ms.
Mono: successfully reloaded assembly
- Completed reload, in  0.537 seconds
Platform modules already initialized, skipping
Refreshing native plugins compatible for Editor in 0.37 ms, found 1 plugins.
Preloading 0 native plugins for Editor in 0.00 ms.
Unloading 2663 Unused Serialized files (Serialized files now loaded: 0)
System memory in use before: 102.5 MB.
System memory in use after: 102.7 MB.

Unloading 10 unused Assets to reduce memory usage. Loaded Objects now: 3315.
Total: 1.444800 ms (FindLiveObjects: 0.164200 ms CreateObjectMapping: 0.058400 ms MarkObjects: 1.170000 ms  DeleteObjects: 0.051400 ms)

========================================================================
Received Prepare
Registering precompiled user dll's ...
Registered in 0.001181 seconds.
Begin MonoManager ReloadAssembly
Native extension for WindowsStandalone target not found
Refreshing native plugins compatible for Editor in 0.43 ms, found 1 plugins.
Preloading 0 native plugins for Editor in 0.00 ms.
Mono: successfully reloaded assembly
- Completed reload, in  0.556 seconds
Platform modules already initialized, skipping
Refreshing native plugins compatible for Editor in 0.35 ms, found 1 plugins.
Preloading 0 native plugins for Editor in 0.00 ms.
Unloading 2663 Unused Serialized files (Serialized files now loaded: 0)
System memory in use before: 102.5 MB.
System memory in use after: 102.7 MB.

Unloading 10 unused Assets to reduce memory usage. Loaded Objects now: 3318.
Total: 1.373000 ms (FindLiveObjects: 0.168300 ms CreateObjectMapping: 0.061200 ms MarkObjects: 1.105600 ms  DeleteObjects: 0.037100 ms)

========================================================================
Received Import Request.
  Time since last request: 608.445235 seconds.
  path: Assets/Scripts/SceneController.cs
  artifactKey: Guid(3bfdd7aaaf74b8b4698dfde0fb50a402) Importer(815301076,1909f56bfc062723c751e8b465ee728b)
Start importing Assets/Scripts/SceneController.cs using Guid(3bfdd7aaaf74b8b4698dfde0fb50a402) Importer(815301076,1909f56bfc062723c751e8b465ee728b)  -> (artifact id: '39ec21346f32b952d5a91b6593ccae09') in 0.004546 seconds 
========================================================================
Received Import Request.
  Time since last request: 19.849629 seconds.
  path: Assets/Scripts/KeyDownController.cs
  artifactKey: Guid(3bfdd7aaaf74b8b4698dfde0fb50a402) Importer(815301076,1909f56bfc062723c751e8b465ee728b)
Start importing Assets/Scripts/KeyDownController.cs using Guid(3bfdd7aaaf74b8b4698dfde0fb50a402) Importer(815301076,1909f56bfc062723c751e8b465ee728b)  -> (artifact id: '6f1fb264969e16926bf95760839cc21e') in 0.004567 seconds 
========================================================================
Received Prepare
Registering precompiled user dll's ...
Registered in 0.001210 seconds.
Begin MonoManager ReloadAssembly
Native extension for WindowsStandalone target not found
Refreshing native plugins compatible for Editor in 0.34 ms, found 1 plugins.
Preloading 0 native plugins for Editor in 0.00 ms.
Mono: successfully reloaded assembly
- Completed reload, in  0.555 seconds
Platform modules already initialized, skipping
Refreshing native plugins compatible for Editor in 0.36 ms, found 1 plugins.
Preloading 0 native plugins for Editor in 0.00 ms.
Unloading 2663 Unused Serialized files (Serialized files now loaded: 0)
System memory in use before: 102.5 MB.
System memory in use after: 102.7 MB.

Unloading 10 unused Assets to reduce memory usage. Loaded Objects now: 3321.
Total: 1.405200 ms (FindLiveObjects: 0.164300 ms CreateObjectMapping: 0.064400 ms MarkObjects: 1.129400 ms  DeleteObjects: 0.046400 ms)

